<?xml version="1.0" encoding="UTF-8"?>
<!-- Generated by org.testng.reporters.JUnitReportReporter -->
<testsuite hostname="NOD-BF2-LO-D583" name="com.gaana.testcases.ContentTest" tests="10" failures="0" timestamp="2 Feb 2016 06:28:47 GMT" time="44.173" errors="0">
  <testcase name="topchartContent" time="3.957" classname="com.gaana.testcases.ContentTest"/>
  <testcase name="newReleasesHomeContent" time="4.577" classname="com.gaana.testcases.ContentTest"/>
  <testcase name="newReleaseContent" time="3.662" classname="com.gaana.testcases.ContentTest"/>
  <testcase name="artistContent" time="3.720" classname="com.gaana.testcases.ContentTest"/>
  <testcase name="playListHourContent" time="4.605" classname="com.gaana.testcases.ContentTest"/>
  <testcase name="homeFeaturedPlaylistContent" time="4.845" classname="com.gaana.testcases.ContentTest"/>
  <testcase name="discoverContent" time="3.706" classname="com.gaana.testcases.ContentTest"/>
  <testcase name="gaanaRadiolistContent" time="5.369" classname="com.gaana.testcases.ContentTest"/>
  <testcase name="radioMirchlistContent" time="4.986" classname="com.gaana.testcases.ContentTest"/>
  <testcase name="discoverListContent" time="4.746" classname="com.gaana.testcases.ContentTest"/>
</testsuite> <!-- com.gaana.testcases.ContentTest -->
