<?xml version="1.0" encoding="UTF-8"?>
<!-- Generated by org.testng.reporters.JUnitReportReporter -->
<testsuite hostname="NOD-BF2-LO-D583" name="com.gaana.testcases.LoginTest" tests="3" failures="0" timestamp="2 Feb 2016 06:28:47 GMT" time="69.710" errors="0">
  <testcase name="loginGoogle" time="23.357" classname="com.gaana.testcases.LoginTest"/>
  <testcase name="loginEmail" time="16.943" classname="com.gaana.testcases.LoginTest"/>
  <testcase name="loginFacebook" time="29.410" classname="com.gaana.testcases.LoginTest"/>
</testsuite> <!-- com.gaana.testcases.LoginTest -->
