<?xml version="1.0" encoding="UTF-8"?>
<!-- Generated by org.testng.reporters.JUnitReportReporter -->
<testsuite hostname="NOD-BF2-LO-D583" name="com.gaana.testcases.HomePageTest" tests="4" failures="0" timestamp="2 Feb 2016 06:28:47 GMT" time="43.449" errors="0">
  <testcase name="clickLanguages" time="28.153" classname="com.gaana.testcases.HomePageTest"/>
  <testcase name="clickTopchart" time="7.757" classname="com.gaana.testcases.HomePageTest"/>
  <testcase name="clickNewReleases" time="2.865" classname="com.gaana.testcases.HomePageTest"/>
  <testcase name="clickArtist" time="4.674" classname="com.gaana.testcases.HomePageTest"/>
</testsuite> <!-- com.gaana.testcases.HomePageTest -->
